/*C1*/SET SCHEMA SYSTEM_LOBS
INSERT INTO BLOCKS VALUES(0,2147483647,0)
COMMIT
/*C2*/SET SCHEMA PUBLIC
CREATE SCHEMA BOOKS AUTHORIZATION DBA
SET SCHEMA BOOKS
SET SCHEMA BOOKS
CREATE SEQUENCE Publisher_Id_Seq
\u000aCREATE TABLE Publishers\u000a(\u000a  Id INTEGER GENERATED BY DEFAULT AS SEQUENCE Publisher_Id_Seq PRIMARY KEY,\u000a  Publisher VARCHAR(255)\u000a)\u000a
\u000aCREATE TABLE Authors\u000a(\u000a  Id INTEGER NOT NULL,\u000a  FirstName VARCHAR(20) NOT NULL,\u000a  LastName VARCHAR(20) NOT NULL,\u000a  Address1 VARCHAR(255),\u000a  Address2 VARCHAR(255),\u000a  City VARCHAR(50),\u000a  State VARCHAR(2),\u000a  PostalCode VARCHAR(10),\u000a  Country VARCHAR(50) DEFAULT 'USA',\u000a  CONSTRAINT PK_Authors PRIMARY KEY (Id),\u000a  CONSTRAINT CHECK_UPPERCASE_State CHECK (State=UPPER(State))\u000a)\u000a
\u000aCREATE TABLE Books\u000a(\u000a  Id INTEGER NOT NULL,\u000a  Title VARCHAR(255) NOT NULL,\u000a  Description VARCHAR(255),\u000a  PublisherId INTEGER NOT NULL,\u000a  PublicationDate DATE,\u000a  Price FLOAT,\u000a  PreviousEditionId INTEGER,  \u000a  CONSTRAINT PK_Books PRIMARY KEY (Id),\u000a  CONSTRAINT FK_PreviousEdition FOREIGN KEY (PreviousEditionId) REFERENCES Books (Id)\u000a)\u000a
\u000aCREATE TABLE BookAuthors\u000a(\u000a  BookId INTEGER NOT NULL,\u000a  AuthorId INTEGER NOT NULL,\u000a  "UPDATE" CLOB,\u000a  CONSTRAINT FK_Y_Book FOREIGN KEY (BookId) REFERENCES Books (Id),\u000a  CONSTRAINT FK_Z_Author FOREIGN KEY (AuthorId) REFERENCES Authors (Id)\u000a)\u000a
\u000aCREATE TABLE "Global Counts"\u000a(\u000a  "Global Count" INTEGER\u000a)\u000a
\u000a-- Views\u000aCREATE VIEW AuthorsList AS SELECT Id, FirstName, LastName FROM Authors\u000a
\u000a-- Indexes\u000aCREATE UNIQUE INDEX UIDX_PreviousEdition ON Books(PreviousEditionId)\u000a
CREATE UNIQUE INDEX UIDX_BookAuthors ON BookAuthors(BookId, AuthorId)\u000a
CREATE INDEX IDX_B_Authors ON Authors(LastName, FirstName)\u000a
CREATE INDEX IDX_A_Authors ON Authors(City, State, PostalCode, Country)\u000a
-- Synonyms\u000aCREATE SYNONYM Publications FOR Books
\u000a-- Remarks\u000aCOMMENT ON TABLE  Publishers IS 'List of book publishers'\u000a
COMMENT ON COLUMN Publishers.Id IS 'Unique (internal) id for book publisher'\u000a
COMMENT ON COLUMN Publishers.Publisher IS 'Name of book publisher'\u000a
\u000aCOMMENT ON TABLE  Authors IS 'Contact details for book authors'\u000a
\u000aCOMMENT ON TABLE  Books IS 'Details for published books'\u000a
COMMENT ON COLUMN Books.Id IS 'Unique (internal) id for book'\u000a
COMMENT ON COLUMN Books.Title IS 'Book title'\u000a
COMMENT ON COLUMN Books.Description IS 'Book description\u000a(Usually the blurb from the book jacket or promotional materials)'\u000a
COMMENT ON COLUMN Books.PublisherId IS 'Foreign key to the book publisher'\u000a
COMMENT ON COLUMN Books.PublicationDate IS 'Book publication date'\u000a
COMMENT ON COLUMN Books.Price IS 'Current price for the book'\u000a
\u000aCOMMENT ON TABLE  BookAuthors IS 'Relationship between books and their authors, \u000aalong with the latest updated information'\u000a
\u000a-- Stored procedures\u000aCREATE PROCEDURE New_Publisher(OUT Publisher VARCHAR(50))\u000a  SET Publisher = 'New Publisher'\u000a
  \u000aCREATE PROCEDURE New_Publisher(IN NewPublisher VARCHAR(50), OUT Publisher VARCHAR(50))\u000a  SET Publisher = NewPublisher\u000a
\u000a-- Functions\u000aCREATE FUNCTION CustomAdd(One INT, Two INT)\u000a  RETURNS INT\u000a  RETURN One + Two\u000a
\u000aCREATE FUNCTION CustomAdd(One INT)\u000a  RETURNS INT\u000a  RETURN CustomAdd(One, 1)\u000a
\u000a-- Triggers\u000aCREATE TRIGGER TRG_Authors AFTER DELETE ON Authors FOR EACH ROW UPDATE Publishers SET Publisher = 'Jacob' WHERE Publisher = 'John'\u000a
\u000a-- Domains\u000aCREATE DOMAIN VALID_STRING AS VARCHAR(20) DEFAULT 'NO VALUE' CHECK (VALUE IS NOT NULL AND CHARACTER_LENGTH(VALUE) > 2)
\u000a-- Types\u000aCREATE TYPE NAME_TYPE AS VARCHAR(100)
CREATE TYPE AGE_TYPE AS SMALLINT
\u000aCREATE GLOBAL TEMPORARY TABLE TEMP_AUTHOR_LIST\u000a(\u000a  Id INTEGER NOT NULL,\u000a  FirstName NAME_TYPE NOT NULL,\u000a  LastName NAME_TYPE NOT NULL,\u000a  Age AGE_TYPE,\u000a  CONSTRAINT PK_Tmp_Authors PRIMARY KEY (Id)\u000a)\u000a
INSERT INTO PUBLISHERS VALUES(1,'Dalton Lewis')
COMMIT
INSERT INTO PUBLISHERS VALUES(2,'Macaulay Bryant')
COMMIT
INSERT INTO PUBLISHERS VALUES(3,'Nash Fox')
COMMIT
INSERT INTO PUBLISHERS VALUES(4,'Leonard Bradshaw')
COMMIT
INSERT INTO PUBLISHERS VALUES(5,'Brendan Kramer')
COMMIT
INSERT INTO PUBLISHERS VALUES(6,'Tobias Mosley')
COMMIT
INSERT INTO PUBLISHERS VALUES(7,'Zachary Tate')
COMMIT
INSERT INTO PUBLISHERS VALUES(8,'Derek Lee')
COMMIT
INSERT INTO PUBLISHERS VALUES(9,'Neil Tyson')
COMMIT
INSERT INTO PUBLISHERS VALUES(10,'Shad Robinson')
COMMIT
INSERT INTO PUBLISHERS VALUES(11,'Justin Schroeder')
COMMIT
INSERT INTO PUBLISHERS VALUES(12,'Leonard Atkinson')
COMMIT
INSERT INTO PUBLISHERS VALUES(13,'Hyatt Caldwell')
COMMIT
INSERT INTO PUBLISHERS VALUES(14,'Neil Fletcher')
COMMIT
INSERT INTO PUBLISHERS VALUES(15,'Ferdinand Tucker')
COMMIT
INSERT INTO PUBLISHERS VALUES(16,'Barrett Mclaughlin')
COMMIT
INSERT INTO PUBLISHERS VALUES(17,'Hayden Potts')
COMMIT
INSERT INTO PUBLISHERS VALUES(18,'Neville Cardenas')
COMMIT
INSERT INTO PUBLISHERS VALUES(19,'Allistair Gilbert')
COMMIT
INSERT INTO PUBLISHERS VALUES(20,'Cooper Chapman')
COMMIT
INSERT INTO AUTHORS VALUES(1,'Oren','Shaffer','900-2273 Integer Avenue','','Farmer City','MD','37032','Cook Islands')
COMMIT
INSERT INTO AUTHORS VALUES(2,'Octavia','Burke','955-7635 Natoque St.','','Kalispell','MS','66863','Cape Verde')
COMMIT
INSERT INTO AUTHORS VALUES(3,'Aiko','Stafford','Ap #554-7132 Dictum Street','','Kankakee','ID','59675','Brunei Darussalam')
COMMIT
INSERT INTO AUTHORS VALUES(4,'Christine','Aguilar','Ap #698-4255 Sodales Av.','','Riverton','MA','24828','Ghana')
COMMIT
INSERT INTO AUTHORS VALUES(5,'Kenneth','Curry','P.O. Box 305, 8335 Cras St.','','Somersworth','ME','36619','Kazakhstan')
COMMIT
INSERT INTO AUTHORS VALUES(6,'Lillian','Nieves','P.O. Box 827, 1923 Ornare Avenue','','Sierra Vista','MA','12684','Mali')
COMMIT
INSERT INTO AUTHORS VALUES(7,'Damian','Donaldson','5047 Eu Rd.','','LaGrange','UT','64681','Thailand')
COMMIT
INSERT INTO AUTHORS VALUES(8,'Jordan','Woodward','Ap #486-6702 Iaculis Road','','Glen Cove','OH','18011','Libyan Arab Jamahiriya')
COMMIT
INSERT INTO AUTHORS VALUES(9,'Adele','Holmes','7585 Magna. Ave','','Villa Park','ME','00619','Cayman Islands')
COMMIT
INSERT INTO AUTHORS VALUES(10,'Jillian','Mckee','1185 Per Ave','','Rapid City','LA','11671','New Caledonia')
COMMIT
INSERT INTO AUTHORS VALUES(11,'Mikayla','Knight','Ap #375-6798 Auctor St.','','Sault Ste. Marie','CO','26558','Lesotho')
COMMIT
INSERT INTO AUTHORS VALUES(12,'Denise','Dominguez','324-4875 Vitae Av.','','Hudson','SD','41933','Russian Federation')
COMMIT
INSERT INTO AUTHORS VALUES(13,'Ira','Dunn','8869 Velit Rd.','','Lincoln','IA','74182','Zambia')
COMMIT
INSERT INTO AUTHORS VALUES(14,'Elvis','Blevins','Ap #629-9258 In St.','','Abilene','WY','19269','Saint Vincent and The Grenadines')
COMMIT
INSERT INTO AUTHORS VALUES(15,'Theodore','Gilliam','6293 Enim, Ave','','Baltimore','UT','86549','Saudi Arabia')
COMMIT
INSERT INTO AUTHORS VALUES(16,'Jared','White','P.O. Box 806, 6212 Adipiscing, Road','','Thibodaux','KS','90172','China')
COMMIT
INSERT INTO AUTHORS VALUES(17,'Melyssa','Willis','Ap #467-9359 Ipsum Rd.','','Roanoke','OH','45706','Niger')
COMMIT
INSERT INTO AUTHORS VALUES(18,'Hilary','Marks','Ap #361-1093 Vitae Street','','Fort Lauderdale','ID','10855','Venezuela')
COMMIT
INSERT INTO AUTHORS VALUES(19,'Frances','Ellis','Ap #458-4569 Sem. Ave','','Durham','MS','50037','Gambia')
COMMIT
INSERT INTO AUTHORS VALUES(20,'Lenore','Cooley','P.O. Box 937, 3415 Nulla Ave','','Half Moon Bay','OR','51967','Canada')
COMMIT
INSERT INTO BOOKS VALUES(1,'Neque. In Ornare Sagittis','Dis Parturient Montes, Nascetur Ridiculus Mus.',18,'2000-10-27',69.99E0,NULL)
COMMIT
INSERT INTO BOOKS VALUES(2,'Duis Dignissim Tempor Arcu.','Eu, Euismod Ac, Fermentum Vel,',20,'2002-05-09',27.99E0,NULL)
COMMIT
INSERT INTO BOOKS VALUES(3,'Lacinia Orci, Consectetuer Euismod Est','Sem Ut Cursus Luctus, Ipsum Leo Elementum Sem, Vitae Aliquam Eros Turpis Non Enim.',15,'2006-04-14',37.99E0,NULL)
COMMIT
INSERT INTO BOOKS VALUES(4,'Vitae Sodales','Rhoncus. Nullam Velit Dui, Semper Et, Lacinia Vitae, Sodales At,',1,'2007-05-21',64.99E0,NULL)
COMMIT
INSERT INTO BOOKS VALUES(5,'Posuere Cubilia Curae Phasellus Ornare.','Risus A Ultricies Adipiscing, Enim Mi Tempor Lorem, Eget Mollis Lectus Pede',7,'2010-05-14',83.99E0,NULL)
COMMIT
INSERT INTO BOOKS VALUES(6,'Tincidunt Aliquam Arcu.','Tristique Pellentesque, Tellus Sem Mollis Dui,',13,'2009-07-17',31.99E0,NULL)
COMMIT
INSERT INTO BOOKS VALUES(7,'Auctor Quis, Tristique','Vel, Faucibus Id, Libero. Donec Consectetuer Mauris Id Sapien. Cras Dolor Dolor, Tempus Non, Lacinia',7,'1999-06-09',76.99E0,NULL)
COMMIT
INSERT INTO BOOKS VALUES(8,'Sem. Nulla Interdum. Curabitur','Turpis. Nulla Aliquet. Proin Velit. Sed Malesuada Augue Ut',7,'2009-01-24',30.99E0,NULL)
COMMIT
INSERT INTO BOOKS VALUES(9,'Lobortis Ultrices. Vivamus Rhoncus.','Est, Mollis Non, Cursus Non, Egestas A, Dui. Cras Pellentesque. Sed Dictum.',1,'2004-06-25',69.99E0,NULL)
COMMIT
INSERT INTO BOOKS VALUES(10,'Quisque Purus Sapien, Gravida','Et Ultrices Posuere Cubilia Curae Phasellus Ornare. Fusce Mollis. Duis Sit Amet Diam Eu Dolor Egestas Rhoncus.',19,'2005-11-14',34.99E0,NULL)
COMMIT
INSERT INTO BOOKS VALUES(11,'Phasellus','Egestas. Duis Ac Arcu. Nunc Mauris.',5,'2003-10-19',89.99E0,NULL)
COMMIT
INSERT INTO BOOKS VALUES(12,'Non Massa Non','Est Mauris, Rhoncus Id, Mollis',5,'2002-05-04',64.99E0,NULL)
COMMIT
INSERT INTO BOOKS VALUES(13,'Gravida Mauris Ut Mi. Duis','Fusce Mollis. Duis Sit Amet Diam Eu Dolor Egestas Rhoncus. Proin Nisl Sem, Consequat Nec,',8,'2005-08-03',25.99E0,NULL)
COMMIT
INSERT INTO BOOKS VALUES(14,'Auctor Vitae,','Suspendisse Dui. Fusce Diam Nunc, Ullamcorper Eu, Euismod Ac, Fermentum Vel, Mauris. Integer Sem Elit, Pharetra',2,'2009-02-09',84.99E0,NULL)
COMMIT
INSERT INTO BOOKS VALUES(15,'Ultrices Posuere Cubilia','Elit, Pellentesque A, Facilisis Non, Bibendum Sed, Est. Nunc Laoreet Lectus Quis Massa. Mauris Vestibulum, Neque Sed',20,'2001-08-28',77.99E0,NULL)
COMMIT
INSERT INTO BOOKS VALUES(16,'Vitae, Aliquet Nec, Imperdiet','Cursus Purus. Nullam',6,'2003-08-30',47.99E0,NULL)
COMMIT
INSERT INTO BOOKS VALUES(17,'Parturient Montes, Nascetur Ridiculus','Ornare, Lectus Ante Dictum Mi, Ac Mattis Velit Justo Nec Ante. Maecenas Mi Felis, Adipiscing Fringilla, Porttitor Vulputate, Posuere Vulputate,',17,'2005-06-24',36.99E0,NULL)
COMMIT
INSERT INTO BOOKS VALUES(18,'Lacus. Etiam Bibendum','Facilisi. Sed Neque. Sed',18,'2008-01-28',63.99E0,NULL)
COMMIT
INSERT INTO BOOKS VALUES(19,'Luctus Lobortis.','Rutrum. Fusce Dolor Quam, Elementum At, Egestas A, Scelerisque Sed, Sapien.',5,'2006-08-23',67.99E0,NULL)
COMMIT
INSERT INTO BOOKS VALUES(20,'Dui, In Sodales Elit Erat','Sociis Natoque Penatibus Et Magnis Dis Parturient',5,'2002-09-29',43.99E0,NULL)
COMMIT
/*C1*/INSERT INTO LOB_IDS VALUES(1,25,0,40)
ALTER SEQUENCE SYSTEM_LOBS.LOB_ID RESTART WITH 2
COMMIT
DELETE FROM BLOCKS WHERE BLOCK_ADDR=0
INSERT INTO BLOCKS VALUES(0,1,0)
INSERT INTO BLOCKS VALUES(1,2147483646,0)
DELETE FROM BLOCKS WHERE BLOCK_ADDR=0
INSERT INTO LOBS VALUES(0,1,0,1)
COMMIT
/*C2*/INSERT INTO BOOKAUTHORS VALUES(1,7,1)
SET SCHEMA SYSTEM_LOBS
DELETE FROM LOB_IDS WHERE LOB_ID=1
INSERT INTO LOB_IDS VALUES(1,25,1,40)
COMMIT
SET SCHEMA BOOKS
INSERT INTO BOOKAUTHORS VALUES(2,4,NULL)
COMMIT
/*C1*/INSERT INTO LOB_IDS VALUES(2,11,0,40)
ALTER SEQUENCE SYSTEM_LOBS.LOB_ID RESTART WITH 3
COMMIT
DELETE FROM BLOCKS WHERE BLOCK_ADDR=1
INSERT INTO BLOCKS VALUES(1,1,0)
INSERT INTO BLOCKS VALUES(2,2147483645,0)
DELETE FROM BLOCKS WHERE BLOCK_ADDR=1
INSERT INTO LOBS VALUES(1,1,0,2)
COMMIT
/*C2*/INSERT INTO BOOKAUTHORS VALUES(2,6,2)
SET SCHEMA SYSTEM_LOBS
DELETE FROM LOB_IDS WHERE LOB_ID=2
INSERT INTO LOB_IDS VALUES(2,11,1,40)
COMMIT
SET SCHEMA BOOKS
INSERT INTO BOOKAUTHORS VALUES(3,1,NULL)
COMMIT
/*C1*/INSERT INTO LOB_IDS VALUES(3,23,0,40)
ALTER SEQUENCE SYSTEM_LOBS.LOB_ID RESTART WITH 4
COMMIT
DELETE FROM BLOCKS WHERE BLOCK_ADDR=2
INSERT INTO BLOCKS VALUES(2,1,0)
INSERT INTO BLOCKS VALUES(3,2147483644,0)
DELETE FROM BLOCKS WHERE BLOCK_ADDR=2
INSERT INTO LOBS VALUES(2,1,0,3)
COMMIT
/*C2*/INSERT INTO BOOKAUTHORS VALUES(3,4,3)
SET SCHEMA SYSTEM_LOBS
DELETE FROM LOB_IDS WHERE LOB_ID=3
INSERT INTO LOB_IDS VALUES(3,23,1,40)
COMMIT
SET SCHEMA BOOKS
INSERT INTO BOOKAUTHORS VALUES(3,5,NULL)
COMMIT
INSERT INTO BOOKAUTHORS VALUES(3,6,NULL)
COMMIT
INSERT INTO BOOKAUTHORS VALUES(4,9,NULL)
COMMIT
INSERT INTO BOOKAUTHORS VALUES(5,7,NULL)
COMMIT
INSERT INTO BOOKAUTHORS VALUES(5,5,NULL)
COMMIT
INSERT INTO BOOKAUTHORS VALUES(6,8,NULL)
COMMIT
INSERT INTO BOOKAUTHORS VALUES(6,1,NULL)
COMMIT
INSERT INTO BOOKAUTHORS VALUES(7,9,NULL)
COMMIT
INSERT INTO BOOKAUTHORS VALUES(7,8,NULL)
COMMIT
INSERT INTO BOOKAUTHORS VALUES(8,6,NULL)
COMMIT
INSERT INTO BOOKAUTHORS VALUES(9,7,NULL)
COMMIT
INSERT INTO BOOKAUTHORS VALUES(9,3,NULL)
COMMIT
INSERT INTO BOOKAUTHORS VALUES(9,6,NULL)
COMMIT
INSERT INTO BOOKAUTHORS VALUES(10,1,NULL)
COMMIT
INSERT INTO BOOKAUTHORS VALUES(10,9,NULL)
COMMIT
CREATE SCHEMA "PUBLISHER SALES" AUTHORIZATION DBA
SET SCHEMA "PUBLISHER SALES"
SET SCHEMA "PUBLISHER SALES"
-- Tables\u000aCREATE TABLE Regions\u000a(\u000a  City VARCHAR(50) NOT NULL,\u000a  State VARCHAR(2) NOT NULL,\u000a  PostalCode VARCHAR(10) NOT NULL,\u000a  Country VARCHAR(50) NOT NULL,\u000a  CONSTRAINT PK_Customers PRIMARY KEY (PostalCode, Country)\u000a)
\u000aCREATE TABLE SalesData\u000a(\u000a  SalesDataId INTEGER,\u000a  YearlyAmount FLOAT,  \u000a  CONSTRAINT UQ_Customers UNIQUE (SalesDataId)\u000a)
\u000aCREATE TABLE Sales\u000a(\u000a  PostalCode VARCHAR(10) NOT NULL,\u000a  Country VARCHAR(50) NOT NULL,\u000a  BookId INTEGER,\u000a  PeriodEndDate DATE,\u000a  TotalAmount FLOAT,  \u000a  SalesDataId INTEGER,\u000a  CONSTRAINT FK_Sales_Regions FOREIGN KEY (PostalCode, Country) REFERENCES Regions (PostalCode, Country),\u000a  CONSTRAINT FK_Sales_SalesData FOREIGN KEY (SalesDataId) REFERENCES SalesData (SalesDataId)\u000a)
INSERT INTO REGIONS VALUES('Duluth','ND','82539','USA')
COMMIT
INSERT INTO REGIONS VALUES('Ogdensburg','AZ','50786','USA')
COMMIT
INSERT INTO REGIONS VALUES('Del Rio','CA','24179','USA')
COMMIT
INSERT INTO REGIONS VALUES('Baltimore','AK','34702','USA')
COMMIT
INSERT INTO REGIONS VALUES('Woburn','NV','27392','USA')
COMMIT
INSERT INTO REGIONS VALUES('Kent','OH','91624','USA')
COMMIT
INSERT INTO REGIONS VALUES('Clairton','MA','42875','USA')
COMMIT
INSERT INTO REGIONS VALUES('Fayetteville','MS','41233','USA')
COMMIT
INSERT INTO REGIONS VALUES('Watertown','SC','20239','USA')
COMMIT
INSERT INTO REGIONS VALUES('Lake Forest','AK','26131','USA')
COMMIT
INSERT INTO REGIONS VALUES('Hopkinsville','IN','54618','USA')
COMMIT
INSERT INTO REGIONS VALUES('San Juan','MD','30552','USA')
COMMIT
INSERT INTO REGIONS VALUES('Nashua','SC','27829','USA')
COMMIT
INSERT INTO REGIONS VALUES('Martinsburg','KY','76672','USA')
COMMIT
INSERT INTO REGIONS VALUES('Arvada','KY','17131','USA')
COMMIT
INSERT INTO REGIONS VALUES('Effingham','TX','44207','USA')
COMMIT
INSERT INTO REGIONS VALUES('Warren','VA','42210','USA')
COMMIT
INSERT INTO REGIONS VALUES('Tacoma','PA','70472','USA')
COMMIT
INSERT INTO REGIONS VALUES('El Segundo','VA','13078','USA')
COMMIT
INSERT INTO REGIONS VALUES('Marlborough','WV','88272','USA')
COMMIT
INSERT INTO SALES VALUES('13078','USA',1,'2001-09-29',14895.0E0,NULL)
COMMIT
INSERT INTO SALES VALUES('17131','USA',2,'2002-04-30',17887.0E0,NULL)
COMMIT
INSERT INTO SALES VALUES('20239','USA',3,'2004-08-28',18747.0E0,NULL)
COMMIT
INSERT INTO SALES VALUES('24179','USA',4,'2009-02-14',5885.0E0,NULL)
COMMIT
INSERT INTO SALES VALUES('26131','USA',5,'2004-11-03',15348.0E0,NULL)
COMMIT
INSERT INTO SALES VALUES('13078','USA',6,'2006-06-11',7840.0E0,NULL)
COMMIT
INSERT INTO SALES VALUES('17131','USA',7,'2003-03-21',18431.0E0,NULL)
COMMIT
INSERT INTO SALES VALUES('20239','USA',8,'2008-08-15',17514.0E0,NULL)
COMMIT
INSERT INTO SALES VALUES('24179','USA',9,'2004-04-10',14069.0E0,NULL)
COMMIT
INSERT INTO SALES VALUES('26131','USA',10,'2005-12-03',17069.0E0,NULL)
COMMIT
INSERT INTO SALES VALUES('13078','USA',1,'2001-07-18',18257.0E0,NULL)
COMMIT
INSERT INTO SALES VALUES('17131','USA',2,'2004-11-13',16317.0E0,NULL)
COMMIT
INSERT INTO SALES VALUES('20239','USA',3,'2005-07-27',6712.0E0,NULL)
COMMIT
INSERT INTO SALES VALUES('24179','USA',4,'2005-12-24',11103.0E0,NULL)
COMMIT
INSERT INTO SALES VALUES('26131','USA',5,'2001-12-02',14798.0E0,NULL)
COMMIT
INSERT INTO SALES VALUES('13078','USA',6,'2003-12-28',6083.0E0,NULL)
COMMIT
INSERT INTO SALES VALUES('17131','USA',7,'2000-03-08',6951.0E0,NULL)
COMMIT
INSERT INTO SALES VALUES('20239','USA',8,'2008-03-29',11013.0E0,NULL)
COMMIT
INSERT INTO SALES VALUES('24179','USA',9,'2000-05-16',13595.0E0,NULL)
COMMIT
INSERT INTO SALES VALUES('26131','USA',10,'2000-09-20',14476.0E0,NULL)
COMMIT
CREATE SCHEMA FOR_LINT AUTHORIZATION DBA
SET SCHEMA FOR_LINT
SET SCHEMA FOR_LINT
\u000aCREATE TABLE Writers\u000a(\u000a  Id BIGINT NOT NULL,\u000a  FirstName VARCHAR(20) NOT NULL,\u000a  LastName VARCHAR(20) NOT NULL,\u000a  Address1 VARCHAR(255),\u000a  Address2 VARCHAR(255) DEFAULT NULL NOT NULL,\u000a  City VARCHAR(50),\u000a  State VARCHAR(2),\u000a  PostalCode VARCHAR(10),\u000a  Country VARCHAR(50) DEFAULT NULL,\u000a  Phone1 VARCHAR(10),\u000a  Phone2 VARCHAR(15),\u000a  Email1 VARCHAR(10),\u000a  Email2 INT,\u000a  Fax VARCHAR(10),\u000a  Fax3 INT,\u000a  HomeEmail11 VARCHAR(10),\u000a  HomeEmail12 VARCHAR(10),\u000a  Publication_Id BIGINT NOT NULL,\u000a  CONSTRAINT PK_Writers PRIMARY KEY (Id),\u000a  CONSTRAINT CHECK_UPPERCASE_State CHECK (State=UPPER(State))\u000a)\u000a
\u000aCREATE TABLE Publications\u000a(\u000a  Id INTEGER NOT NULL,\u000a  Title VARCHAR(255) NOT NULL,\u000a  Description VARCHAR(255),\u000a  WriterId BIGINT NOT NULL,\u000a  PublicationDate DATE,\u000a  Price FLOAT,\u000a  "UPDATE" CLOB,\u000a  PRESS_RELEASE CLOB,\u000a  CONSTRAINT PK_Publications PRIMARY KEY (Id),\u000a  CONSTRAINT FK_Publications_Writer FOREIGN KEY (WriterId) REFERENCES Writers (Id)\u000a)\u000a
\u000aCREATE TABLE PublicationWriters\u000a(\u000a  PublicationId INTEGER NOT NULL,\u000a  WriterId BIGINT NOT NULL,\u000a  CONSTRAINT FK_Writer FOREIGN KEY (WriterId) REFERENCES Writers (Id),\u000a  CONSTRAINT FK_Publication FOREIGN KEY (PublicationId) REFERENCES Publications (Id)\u000a)\u000a
\u000aCREATE TABLE "Global Counts"\u000a(\u000a  "Global Count" INTEGER\u000a)\u000a
\u000aCREATE TABLE EXTRA_PK\u000a(\u000a  WriterId BIGINT NOT NULL,\u000a  PublicationId INTEGER NOT NULL,\u000a  Id INTEGER NOT NULL,\u000a  CONSTRAINT PK_EXTRA_PK PRIMARY KEY (Id),\u000a  CONSTRAINT FK_Writer_Join FOREIGN KEY (WriterId) REFERENCES Writers (Id),\u000a  CONSTRAINT FK_Publication_Join FOREIGN KEY (PublicationId) REFERENCES Publications (Id)\u000a)\u000a
\u000aCREATE TABLE \u03c0\u03af\u03bd\u03b1\u03ba\u03b1\u03b2\u03ac\u03c3\u03b7\u03c2\u03b4\u03b5\u03b4\u03bf\u03bc\u03ad\u03bd\u03c9\u03bd\u000a(\u000a  \u03c3\u03c4\u03ae\u03bb\u03b7\u03b2\u03ac\u03c3\u03b7\u03c2\u03b4\u03b5\u03b4\u03bf\u03bc\u03ad\u03bd\u03c9\u03bd BIGINT NOT NULL,\u000a  \u03ac\u03bb\u03bb\u03b7\u03c3\u03c4\u03ae\u03bb\u03b7\u03b2\u03ac\u03c3\u03b7\u03c2\u03b4\u03b5\u03b4\u03bf\u03bc\u03ad\u03bd\u03c9\u03bd VARCHAR(10),  \u000a  \u03c3\u03c5\u03b3\u03b3\u03c1\u03b1\u03c6\u03ad\u03b1\u03c2 INT,\u000a  CONSTRAINT PK_\u03c0\u03af\u03bd\u03b1\u03ba\u03b1\u03b2\u03ac\u03c3\u03b7\u03c2\u03b4\u03b5\u03b4\u03bf\u03bc\u03ad\u03bd\u03c9\u03bd PRIMARY KEY (\u03c3\u03c4\u03ae\u03bb\u03b7\u03b2\u03ac\u03c3\u03b7\u03c2\u03b4\u03b5\u03b4\u03bf\u03bc\u03ad\u03bd\u03c9\u03bd),  \u000a  CONSTRAINT FK_\u03c0\u03af\u03bd\u03b1\u03ba\u03b1\u03b2\u03ac\u03c3\u03b7\u03c2\u03b4\u03b5\u03b4\u03bf\u03bc\u03ad\u03bd\u03c9\u03bd_Publications FOREIGN KEY (\u03c3\u03c5\u03b3\u03b3\u03c1\u03b1\u03c6\u03ad\u03b1\u03c2) REFERENCES Writers (Id)\u000a)\u000a
\u000aCREATE TABLE SelfReference\u000a(\u000a  Id INTEGER NOT NULL,\u000a  Title VARCHAR(255) NOT NULL,\u000a  CONSTRAINT PK_SelfReference PRIMARY KEY (Id),\u000a  CONSTRAINT FK_SelfReference FOREIGN KEY (Id) REFERENCES SelfReference (Id)\u000a)\u000a
\u000aALTER TABLE Writers ADD CONSTRAINT FK_Writers_Publication FOREIGN KEY (Publication_Id) REFERENCES Publications (Id)
\u000a-- Indexes\u000aCREATE INDEX IDX_B_Writers ON Writers(LastName, FirstName)\u000a
CREATE INDEX IDX_A_Writers ON Writers(City, State, PostalCode, Country)\u000a
CREATE INDEX IDX_A1_Writers ON Writers(City, State)\u000a
CREATE UNIQUE INDEX IDX_U_Writers ON Writers(Email1, Country)\u000a
-- Remarks\u000aCOMMENT ON TABLE PUBLIC.FOR_LINT.EXTRA_PK IS 'Extra table with just a primary key'\u000a
COMMENT ON COLUMN PUBLIC.FOR_LINT.PUBLICATIONS.TITLE IS 'Publication title'\u000a
\u000a-- Domains\u000aCREATE DOMAIN VALID_STRING AS VARCHAR(20) DEFAULT 'NO VALUE' CHECK (VALUE IS NOT NULL AND CHARACTER_LENGTH(VALUE) > 2)
\u000a-- Temporary table\u000aCREATE GLOBAL TEMPORARY TABLE PUBLIC.FOR_LINT.TEMP1\u000a(\u000a  ID INT PRIMARY KEY, \u000a  SCORES INT ARRAY DEFAULT ARRAY[], \u000a  NAMES VARCHAR(20) ARRAY[10], \u000a  DATA VALID_STRING\u000a)\u000aON COMMIT DELETE ROWS
DISCONNECT
/*C3*/SET SCHEMA PUBLIC
DISCONNECT
